[2020-01-13 22:26:36.331] [exthost] [info] extension host started
[2020-01-13 22:26:36.399] [exthost] [info] ExtensionService#_doActivateExtension vscode.extension-editing {"startup":false,"extensionId":{"value":"vscode.extension-editing","_lower":"vscode.extension-editing"},"activationEvent":"onLanguage:markdown"}
[2020-01-13 22:26:36.399] [exthost] [info] ExtensionService#loadCommonJSModule file:///usr/lib/code/extensions/extension-editing/dist/extension
[2020-01-13 22:26:36.407] [exthost] [info] ExtensionService#_doActivateExtension vscode.markdown-language-features {"startup":false,"extensionId":{"value":"vscode.markdown-language-features","_lower":"vscode.markdown-language-features"},"activationEvent":"onLanguage:markdown"}
[2020-01-13 22:26:36.407] [exthost] [info] ExtensionService#loadCommonJSModule file:///usr/lib/code/extensions/markdown-language-features/dist/extension
[2020-01-13 22:26:36.442] [exthost] [info] ExtensionService#_doActivateExtension vscode.debug-auto-launch {"startup":true,"extensionId":{"value":"vscode.debug-auto-launch","_lower":"vscode.debug-auto-launch"},"activationEvent":"*"}
[2020-01-13 22:26:36.442] [exthost] [info] ExtensionService#loadCommonJSModule file:///usr/lib/code/extensions/debug-auto-launch/dist/extension
[2020-01-13 22:26:36.447] [exthost] [info] ExtensionService#_doActivateExtension vscode.emmet {"startup":true,"extensionId":{"value":"vscode.emmet","_lower":"vscode.emmet"},"activationEvent":"*"}
[2020-01-13 22:26:36.448] [exthost] [info] ExtensionService#loadCommonJSModule file:///usr/lib/code/extensions/emmet/dist/extension
[2020-01-13 22:26:36.466] [exthost] [info] ExtensionService#_doActivateExtension vscode.git {"startup":true,"extensionId":{"value":"vscode.git","_lower":"vscode.git"},"activationEvent":"*"}
[2020-01-13 22:26:36.466] [exthost] [info] ExtensionService#loadCommonJSModule file:///usr/lib/code/extensions/git/dist/main
[2020-01-13 22:26:36.545] [exthost] [info] ExtensionService#_doActivateExtension vscode.merge-conflict {"startup":true,"extensionId":{"value":"vscode.merge-conflict","_lower":"vscode.merge-conflict"},"activationEvent":"*"}
[2020-01-13 22:26:36.545] [exthost] [info] ExtensionService#loadCommonJSModule file:///usr/lib/code/extensions/merge-conflict/dist/extension
[2020-01-13 22:26:36.561] [exthost] [info] ExtensionService#_doActivateExtension vscode.search-result {"startup":true,"extensionId":{"value":"vscode.search-result","_lower":"vscode.search-result"},"activationEvent":"*"}
[2020-01-13 22:26:36.561] [exthost] [info] ExtensionService#loadCommonJSModule file:///usr/lib/code/extensions/search-result/dist/extension.js
[2020-01-13 22:26:36.563] [exthost] [info] ExtensionService#_doActivateExtension ms-vsliveshare.vsliveshare {"startup":true,"extensionId":{"value":"ms-vsliveshare.vsliveshare","_lower":"ms-vsliveshare.vsliveshare"},"activationEvent":"*"}
[2020-01-13 22:26:36.564] [exthost] [info] ExtensionService#loadCommonJSModule file:///home/thomas/.vscode-oss/extensions/ms-vsliveshare.vsliveshare-1.0.1456/out/prod/extension-prod
[2020-01-13 22:26:37.021] [exthost] [info] ExtensionService#_doActivateExtension vscode-icons-team.vscode-icons {"startup":true,"extensionId":{"value":"vscode-icons-team.vscode-icons","_lower":"vscode-icons-team.vscode-icons"},"activationEvent":"*"}
[2020-01-13 22:26:37.021] [exthost] [info] ExtensionService#loadCommonJSModule file:///home/thomas/.vscode-oss/extensions/vscode-icons-team.vscode-icons-9.7.0/dist/src/vscode-icons.bundle.js
[2020-01-13 22:26:37.753] [exthost] [info] eager extensions activated
[2020-01-13 22:26:53.013] [exthost] [info] extension host started
[2020-01-13 22:26:53.083] [exthost] [info] ExtensionService#_doActivateExtension 766b.go-outliner {"startup":false,"extensionId":{"value":"766b.go-outliner","_lower":"766b.go-outliner"},"activationEvent":"onLanguage:go"}
[2020-01-13 22:26:53.083] [exthost] [info] ExtensionService#loadCommonJSModule file:///home/thomas/.vscode-oss/extensions/766b.go-outliner-0.1.20/out/extension
[2020-01-13 22:26:53.095] [exthost] [info] ExtensionService#_doActivateExtension ms-vscode.Go {"startup":false,"extensionId":{"value":"ms-vscode.Go","_lower":"ms-vscode.go"},"activationEvent":"onLanguage:go"}
[2020-01-13 22:26:53.096] [exthost] [info] ExtensionService#loadCommonJSModule file:///home/thomas/.vscode-oss/extensions/ms-vscode.go-0.12.0/out/src/goMain
[2020-01-13 22:26:53.733] [exthost] [info] ExtensionService#_doActivateExtension vscode.debug-auto-launch {"startup":true,"extensionId":{"value":"vscode.debug-auto-launch","_lower":"vscode.debug-auto-launch"},"activationEvent":"*"}
[2020-01-13 22:26:53.733] [exthost] [info] ExtensionService#loadCommonJSModule file:///usr/lib/code/extensions/debug-auto-launch/dist/extension
[2020-01-13 22:26:53.735] [exthost] [info] ExtensionService#_doActivateExtension vscode.emmet {"startup":true,"extensionId":{"value":"vscode.emmet","_lower":"vscode.emmet"},"activationEvent":"*"}
[2020-01-13 22:26:53.735] [exthost] [info] ExtensionService#loadCommonJSModule file:///usr/lib/code/extensions/emmet/dist/extension
[2020-01-13 22:26:53.749] [exthost] [info] ExtensionService#_doActivateExtension vscode.git {"startup":true,"extensionId":{"value":"vscode.git","_lower":"vscode.git"},"activationEvent":"*"}
[2020-01-13 22:26:53.750] [exthost] [info] ExtensionService#loadCommonJSModule file:///usr/lib/code/extensions/git/dist/main
[2020-01-13 22:26:53.766] [exthost] [info] ExtensionService#_doActivateExtension vscode.merge-conflict {"startup":true,"extensionId":{"value":"vscode.merge-conflict","_lower":"vscode.merge-conflict"},"activationEvent":"*"}
[2020-01-13 22:26:53.766] [exthost] [info] ExtensionService#loadCommonJSModule file:///usr/lib/code/extensions/merge-conflict/dist/extension
[2020-01-13 22:26:53.768] [exthost] [info] ExtensionService#_doActivateExtension vscode.search-result {"startup":true,"extensionId":{"value":"vscode.search-result","_lower":"vscode.search-result"},"activationEvent":"*"}
[2020-01-13 22:26:53.768] [exthost] [info] ExtensionService#loadCommonJSModule file:///usr/lib/code/extensions/search-result/dist/extension.js
[2020-01-13 22:26:53.769] [exthost] [info] ExtensionService#_doActivateExtension ms-vsliveshare.vsliveshare {"startup":true,"extensionId":{"value":"ms-vsliveshare.vsliveshare","_lower":"ms-vsliveshare.vsliveshare"},"activationEvent":"*"}
[2020-01-13 22:26:53.770] [exthost] [info] ExtensionService#loadCommonJSModule file:///home/thomas/.vscode-oss/extensions/ms-vsliveshare.vsliveshare-1.0.1456/out/prod/extension-prod
[2020-01-13 22:26:54.164] [exthost] [info] ExtensionService#_doActivateExtension vscode-icons-team.vscode-icons {"startup":true,"extensionId":{"value":"vscode-icons-team.vscode-icons","_lower":"vscode-icons-team.vscode-icons"},"activationEvent":"*"}
[2020-01-13 22:26:54.164] [exthost] [info] ExtensionService#loadCommonJSModule file:///home/thomas/.vscode-oss/extensions/vscode-icons-team.vscode-icons-9.7.0/dist/src/vscode-icons.bundle.js
[2020-01-13 22:26:54.784] [exthost] [info] eager extensions activated
[2020-01-13 22:27:50.490] [exthost] [warning] ms-vscode.Go - Code actions of kind 'source.organizeImports 'requested but returned code action is of kind 'quickfix'. Code action will be dropped. Please check 'CodeActionContext.only' to only return requested code actions.
[2020-01-13 22:27:50.490] [exthost] [warning] ms-vscode.Go - Code actions of kind 'source.organizeImports 'requested but returned code action is of kind 'quickfix'. Code action will be dropped. Please check 'CodeActionContext.only' to only return requested code actions.
[2020-01-13 22:28:28.676] [exthost] [error] [ms-vscode.Go] provider FAILED
[2020-01-13 22:28:28.682] [exthost] [error] Error: selectionRange must be contained in fullRange
	at Function.validate (/usr/lib/code/out/vs/workbench/services/extensions/node/extensionHostProcess.js:371:679)
	at new w (/usr/lib/code/out/vs/workbench/services/extensions/node/extensionHostProcess.js:371:547)
	at new w (/usr/lib/code/out/vs/workbench/services/extensions/node/extensionHostProcess.js:359:919)
	at asDocumentSymbol (/home/thomas/.vscode-oss/extensions/ms-vscode.go-0.12.0/node_modules/vscode-languageclient/lib/protocolConverter.js:396:22)
	at Array.map (<anonymous>)
	at Object.asDocumentSymbols (/home/thomas/.vscode-oss/extensions/ms-vscode.go-0.12.0/node_modules/vscode-languageclient/lib/protocolConverter.js:393:23)
	at /home/thomas/.vscode-oss/extensions/ms-vscode.go-0.12.0/node_modules/vscode-languageclient/lib/client.js:1002:62
[2020-01-13 22:30:33.891] [exthost] [warning] ms-vscode.Go - Code actions of kind 'source.organizeImports 'requested but returned code action is of kind 'quickfix'. Code action will be dropped. Please check 'CodeActionContext.only' to only return requested code actions.
[2020-01-13 22:31:30.878] [exthost] [error] [ms-vscode.Go] provider FAILED
[2020-01-13 22:31:30.879] [exthost] [error] Error: selectionRange must be contained in fullRange
	at Function.validate (/usr/lib/code/out/vs/workbench/services/extensions/node/extensionHostProcess.js:371:679)
	at new w (/usr/lib/code/out/vs/workbench/services/extensions/node/extensionHostProcess.js:371:547)
	at new w (/usr/lib/code/out/vs/workbench/services/extensions/node/extensionHostProcess.js:359:919)
	at asDocumentSymbol (/home/thomas/.vscode-oss/extensions/ms-vscode.go-0.12.0/node_modules/vscode-languageclient/lib/protocolConverter.js:396:22)
	at Array.map (<anonymous>)
	at Object.asDocumentSymbols (/home/thomas/.vscode-oss/extensions/ms-vscode.go-0.12.0/node_modules/vscode-languageclient/lib/protocolConverter.js:393:23)
	at /home/thomas/.vscode-oss/extensions/ms-vscode.go-0.12.0/node_modules/vscode-languageclient/lib/client.js:1002:62
[2020-01-13 22:31:35.193] [exthost] [error] [ms-vscode.Go] provider FAILED
[2020-01-13 22:31:35.194] [exthost] [error] Error: selectionRange must be contained in fullRange
	at Function.validate (/usr/lib/code/out/vs/workbench/services/extensions/node/extensionHostProcess.js:371:679)
	at new w (/usr/lib/code/out/vs/workbench/services/extensions/node/extensionHostProcess.js:371:547)
	at new w (/usr/lib/code/out/vs/workbench/services/extensions/node/extensionHostProcess.js:359:919)
	at asDocumentSymbol (/home/thomas/.vscode-oss/extensions/ms-vscode.go-0.12.0/node_modules/vscode-languageclient/lib/protocolConverter.js:396:22)
	at Array.map (<anonymous>)
	at Object.asDocumentSymbols (/home/thomas/.vscode-oss/extensions/ms-vscode.go-0.12.0/node_modules/vscode-languageclient/lib/protocolConverter.js:393:23)
	at /home/thomas/.vscode-oss/extensions/ms-vscode.go-0.12.0/node_modules/vscode-languageclient/lib/client.js:1002:62
[2020-01-13 22:33:22.769] [exthost] [error] [ms-vscode.Go] provider FAILED
[2020-01-13 22:33:22.770] [exthost] [error] Error: selectionRange must be contained in fullRange
	at Function.validate (/usr/lib/code/out/vs/workbench/services/extensions/node/extensionHostProcess.js:371:679)
	at new w (/usr/lib/code/out/vs/workbench/services/extensions/node/extensionHostProcess.js:371:547)
	at new w (/usr/lib/code/out/vs/workbench/services/extensions/node/extensionHostProcess.js:359:919)
	at asDocumentSymbol (/home/thomas/.vscode-oss/extensions/ms-vscode.go-0.12.0/node_modules/vscode-languageclient/lib/protocolConverter.js:396:22)
	at Array.map (<anonymous>)
	at Object.asDocumentSymbols (/home/thomas/.vscode-oss/extensions/ms-vscode.go-0.12.0/node_modules/vscode-languageclient/lib/protocolConverter.js:393:23)
	at /home/thomas/.vscode-oss/extensions/ms-vscode.go-0.12.0/node_modules/vscode-languageclient/lib/client.js:1002:62
[2020-01-13 22:33:23.567] [exthost] [error] [ms-vscode.Go] provider FAILED
[2020-01-13 22:33:23.567] [exthost] [error] Error: selectionRange must be contained in fullRange
	at Function.validate (/usr/lib/code/out/vs/workbench/services/extensions/node/extensionHostProcess.js:371:679)
	at new w (/usr/lib/code/out/vs/workbench/services/extensions/node/extensionHostProcess.js:371:547)
	at new w (/usr/lib/code/out/vs/workbench/services/extensions/node/extensionHostProcess.js:359:919)
	at asDocumentSymbol (/home/thomas/.vscode-oss/extensions/ms-vscode.go-0.12.0/node_modules/vscode-languageclient/lib/protocolConverter.js:396:22)
	at Array.map (<anonymous>)
	at Object.asDocumentSymbols (/home/thomas/.vscode-oss/extensions/ms-vscode.go-0.12.0/node_modules/vscode-languageclient/lib/protocolConverter.js:393:23)
	at /home/thomas/.vscode-oss/extensions/ms-vscode.go-0.12.0/node_modules/vscode-languageclient/lib/client.js:1002:62
[2020-01-13 22:33:24.355] [exthost] [error] [ms-vscode.Go] provider FAILED
[2020-01-13 22:33:24.355] [exthost] [error] Error: selectionRange must be contained in fullRange
	at Function.validate (/usr/lib/code/out/vs/workbench/services/extensions/node/extensionHostProcess.js:371:679)
	at new w (/usr/lib/code/out/vs/workbench/services/extensions/node/extensionHostProcess.js:371:547)
	at new w (/usr/lib/code/out/vs/workbench/services/extensions/node/extensionHostProcess.js:359:919)
	at asDocumentSymbol (/home/thomas/.vscode-oss/extensions/ms-vscode.go-0.12.0/node_modules/vscode-languageclient/lib/protocolConverter.js:396:22)
	at Array.map (<anonymous>)
	at Object.asDocumentSymbols (/home/thomas/.vscode-oss/extensions/ms-vscode.go-0.12.0/node_modules/vscode-languageclient/lib/protocolConverter.js:393:23)
	at /home/thomas/.vscode-oss/extensions/ms-vscode.go-0.12.0/node_modules/vscode-languageclient/lib/client.js:1002:62
[2020-01-13 22:33:47.968] [exthost] [error] [ms-vscode.Go] provider FAILED
[2020-01-13 22:33:47.969] [exthost] [error] Error: selectionRange must be contained in fullRange
	at Function.validate (/usr/lib/code/out/vs/workbench/services/extensions/node/extensionHostProcess.js:371:679)
	at new w (/usr/lib/code/out/vs/workbench/services/extensions/node/extensionHostProcess.js:371:547)
	at new w (/usr/lib/code/out/vs/workbench/services/extensions/node/extensionHostProcess.js:359:919)
	at asDocumentSymbol (/home/thomas/.vscode-oss/extensions/ms-vscode.go-0.12.0/node_modules/vscode-languageclient/lib/protocolConverter.js:396:22)
	at Array.map (<anonymous>)
	at Object.asDocumentSymbols (/home/thomas/.vscode-oss/extensions/ms-vscode.go-0.12.0/node_modules/vscode-languageclient/lib/protocolConverter.js:393:23)
	at /home/thomas/.vscode-oss/extensions/ms-vscode.go-0.12.0/node_modules/vscode-languageclient/lib/client.js:1002:62
[2020-01-13 22:33:54.223] [exthost] [error] [ms-vscode.Go] provider FAILED
[2020-01-13 22:33:54.223] [exthost] [error] Error: selectionRange must be contained in fullRange
	at Function.validate (/usr/lib/code/out/vs/workbench/services/extensions/node/extensionHostProcess.js:371:679)
	at new w (/usr/lib/code/out/vs/workbench/services/extensions/node/extensionHostProcess.js:371:547)
	at new w (/usr/lib/code/out/vs/workbench/services/extensions/node/extensionHostProcess.js:359:919)
	at asDocumentSymbol (/home/thomas/.vscode-oss/extensions/ms-vscode.go-0.12.0/node_modules/vscode-languageclient/lib/protocolConverter.js:396:22)
	at Array.map (<anonymous>)
	at Object.asDocumentSymbols (/home/thomas/.vscode-oss/extensions/ms-vscode.go-0.12.0/node_modules/vscode-languageclient/lib/protocolConverter.js:393:23)
	at /home/thomas/.vscode-oss/extensions/ms-vscode.go-0.12.0/node_modules/vscode-languageclient/lib/client.js:1002:62
[2020-01-13 22:33:55.058] [exthost] [error] [ms-vscode.Go] provider FAILED
[2020-01-13 22:33:55.059] [exthost] [error] Error: selectionRange must be contained in fullRange
	at Function.validate (/usr/lib/code/out/vs/workbench/services/extensions/node/extensionHostProcess.js:371:679)
	at new w (/usr/lib/code/out/vs/workbench/services/extensions/node/extensionHostProcess.js:371:547)
	at new w (/usr/lib/code/out/vs/workbench/services/extensions/node/extensionHostProcess.js:359:919)
	at asDocumentSymbol (/home/thomas/.vscode-oss/extensions/ms-vscode.go-0.12.0/node_modules/vscode-languageclient/lib/protocolConverter.js:396:22)
	at Array.map (<anonymous>)
	at Object.asDocumentSymbols (/home/thomas/.vscode-oss/extensions/ms-vscode.go-0.12.0/node_modules/vscode-languageclient/lib/protocolConverter.js:393:23)
	at /home/thomas/.vscode-oss/extensions/ms-vscode.go-0.12.0/node_modules/vscode-languageclient/lib/client.js:1002:62
[2020-01-13 22:37:35.880] [exthost] [error] [ms-vscode.Go] provider FAILED
[2020-01-13 22:37:35.881] [exthost] [error] Error: selectionRange must be contained in fullRange
	at Function.validate (/usr/lib/code/out/vs/workbench/services/extensions/node/extensionHostProcess.js:371:679)
	at new w (/usr/lib/code/out/vs/workbench/services/extensions/node/extensionHostProcess.js:371:547)
	at new w (/usr/lib/code/out/vs/workbench/services/extensions/node/extensionHostProcess.js:359:919)
	at asDocumentSymbol (/home/thomas/.vscode-oss/extensions/ms-vscode.go-0.12.0/node_modules/vscode-languageclient/lib/protocolConverter.js:396:22)
	at Array.map (<anonymous>)
	at Object.asDocumentSymbols (/home/thomas/.vscode-oss/extensions/ms-vscode.go-0.12.0/node_modules/vscode-languageclient/lib/protocolConverter.js:393:23)
	at /home/thomas/.vscode-oss/extensions/ms-vscode.go-0.12.0/node_modules/vscode-languageclient/lib/client.js:1002:62
[2020-01-13 22:37:37.463] [exthost] [error] [ms-vscode.Go] provider FAILED
[2020-01-13 22:37:37.463] [exthost] [error] Error: selectionRange must be contained in fullRange
	at Function.validate (/usr/lib/code/out/vs/workbench/services/extensions/node/extensionHostProcess.js:371:679)
	at new w (/usr/lib/code/out/vs/workbench/services/extensions/node/extensionHostProcess.js:371:547)
	at new w (/usr/lib/code/out/vs/workbench/services/extensions/node/extensionHostProcess.js:359:919)
	at asDocumentSymbol (/home/thomas/.vscode-oss/extensions/ms-vscode.go-0.12.0/node_modules/vscode-languageclient/lib/protocolConverter.js:396:22)
	at Array.map (<anonymous>)
	at Object.asDocumentSymbols (/home/thomas/.vscode-oss/extensions/ms-vscode.go-0.12.0/node_modules/vscode-languageclient/lib/protocolConverter.js:393:23)
	at /home/thomas/.vscode-oss/extensions/ms-vscode.go-0.12.0/node_modules/vscode-languageclient/lib/client.js:1002:62
[2020-01-13 22:37:38.049] [exthost] [error] [ms-vscode.Go] provider FAILED
[2020-01-13 22:37:38.049] [exthost] [error] Error: selectionRange must be contained in fullRange
	at Function.validate (/usr/lib/code/out/vs/workbench/services/extensions/node/extensionHostProcess.js:371:679)
	at new w (/usr/lib/code/out/vs/workbench/services/extensions/node/extensionHostProcess.js:371:547)
	at new w (/usr/lib/code/out/vs/workbench/services/extensions/node/extensionHostProcess.js:359:919)
	at asDocumentSymbol (/home/thomas/.vscode-oss/extensions/ms-vscode.go-0.12.0/node_modules/vscode-languageclient/lib/protocolConverter.js:396:22)
	at Array.map (<anonymous>)
	at Object.asDocumentSymbols (/home/thomas/.vscode-oss/extensions/ms-vscode.go-0.12.0/node_modules/vscode-languageclient/lib/protocolConverter.js:393:23)
	at /home/thomas/.vscode-oss/extensions/ms-vscode.go-0.12.0/node_modules/vscode-languageclient/lib/client.js:1002:62
[2020-01-13 22:37:41.765] [exthost] [error] [ms-vscode.Go] provider FAILED
[2020-01-13 22:37:41.766] [exthost] [error] Error: selectionRange must be contained in fullRange
	at Function.validate (/usr/lib/code/out/vs/workbench/services/extensions/node/extensionHostProcess.js:371:679)
	at new w (/usr/lib/code/out/vs/workbench/services/extensions/node/extensionHostProcess.js:371:547)
	at new w (/usr/lib/code/out/vs/workbench/services/extensions/node/extensionHostProcess.js:359:919)
	at asDocumentSymbol (/home/thomas/.vscode-oss/extensions/ms-vscode.go-0.12.0/node_modules/vscode-languageclient/lib/protocolConverter.js:396:22)
	at Array.map (<anonymous>)
	at Object.asDocumentSymbols (/home/thomas/.vscode-oss/extensions/ms-vscode.go-0.12.0/node_modules/vscode-languageclient/lib/protocolConverter.js:393:23)
	at /home/thomas/.vscode-oss/extensions/ms-vscode.go-0.12.0/node_modules/vscode-languageclient/lib/client.js:1002:62
[2020-01-13 22:37:42.306] [exthost] [error] [ms-vscode.Go] provider FAILED
[2020-01-13 22:37:42.306] [exthost] [error] Error: selectionRange must be contained in fullRange
	at Function.validate (/usr/lib/code/out/vs/workbench/services/extensions/node/extensionHostProcess.js:371:679)
	at new w (/usr/lib/code/out/vs/workbench/services/extensions/node/extensionHostProcess.js:371:547)
	at new w (/usr/lib/code/out/vs/workbench/services/extensions/node/extensionHostProcess.js:359:919)
	at asDocumentSymbol (/home/thomas/.vscode-oss/extensions/ms-vscode.go-0.12.0/node_modules/vscode-languageclient/lib/protocolConverter.js:396:22)
	at Array.map (<anonymous>)
	at Object.asDocumentSymbols (/home/thomas/.vscode-oss/extensions/ms-vscode.go-0.12.0/node_modules/vscode-languageclient/lib/protocolConverter.js:393:23)
	at /home/thomas/.vscode-oss/extensions/ms-vscode.go-0.12.0/node_modules/vscode-languageclient/lib/client.js:1002:62
[2020-01-13 22:37:42.847] [exthost] [error] [ms-vscode.Go] provider FAILED
[2020-01-13 22:37:42.848] [exthost] [error] Error: selectionRange must be contained in fullRange
	at Function.validate (/usr/lib/code/out/vs/workbench/services/extensions/node/extensionHostProcess.js:371:679)
	at new w (/usr/lib/code/out/vs/workbench/services/extensions/node/extensionHostProcess.js:371:547)
	at new w (/usr/lib/code/out/vs/workbench/services/extensions/node/extensionHostProcess.js:359:919)
	at asDocumentSymbol (/home/thomas/.vscode-oss/extensions/ms-vscode.go-0.12.0/node_modules/vscode-languageclient/lib/protocolConverter.js:396:22)
	at Array.map (<anonymous>)
	at Object.asDocumentSymbols (/home/thomas/.vscode-oss/extensions/ms-vscode.go-0.12.0/node_modules/vscode-languageclient/lib/protocolConverter.js:393:23)
	at /home/thomas/.vscode-oss/extensions/ms-vscode.go-0.12.0/node_modules/vscode-languageclient/lib/client.js:1002:62
[2020-01-13 22:37:44.449] [exthost] [error] [ms-vscode.Go] provider FAILED
[2020-01-13 22:37:44.449] [exthost] [error] Error: selectionRange must be contained in fullRange
	at Function.validate (/usr/lib/code/out/vs/workbench/services/extensions/node/extensionHostProcess.js:371:679)
	at new w (/usr/lib/code/out/vs/workbench/services/extensions/node/extensionHostProcess.js:371:547)
	at new w (/usr/lib/code/out/vs/workbench/services/extensions/node/extensionHostProcess.js:359:919)
	at asDocumentSymbol (/home/thomas/.vscode-oss/extensions/ms-vscode.go-0.12.0/node_modules/vscode-languageclient/lib/protocolConverter.js:396:22)
	at Array.map (<anonymous>)
	at Object.asDocumentSymbols (/home/thomas/.vscode-oss/extensions/ms-vscode.go-0.12.0/node_modules/vscode-languageclient/lib/protocolConverter.js:393:23)
	at /home/thomas/.vscode-oss/extensions/ms-vscode.go-0.12.0/node_modules/vscode-languageclient/lib/client.js:1002:62
[2020-01-13 22:37:45.360] [exthost] [error] [ms-vscode.Go] provider FAILED
[2020-01-13 22:37:45.360] [exthost] [error] Error: selectionRange must be contained in fullRange
	at Function.validate (/usr/lib/code/out/vs/workbench/services/extensions/node/extensionHostProcess.js:371:679)
	at new w (/usr/lib/code/out/vs/workbench/services/extensions/node/extensionHostProcess.js:371:547)
	at new w (/usr/lib/code/out/vs/workbench/services/extensions/node/extensionHostProcess.js:359:919)
	at asDocumentSymbol (/home/thomas/.vscode-oss/extensions/ms-vscode.go-0.12.0/node_modules/vscode-languageclient/lib/protocolConverter.js:396:22)
	at Array.map (<anonymous>)
	at Object.asDocumentSymbols (/home/thomas/.vscode-oss/extensions/ms-vscode.go-0.12.0/node_modules/vscode-languageclient/lib/protocolConverter.js:393:23)
	at /home/thomas/.vscode-oss/extensions/ms-vscode.go-0.12.0/node_modules/vscode-languageclient/lib/client.js:1002:62
[2020-01-13 22:37:46.639] [exthost] [error] [ms-vscode.Go] provider FAILED
[2020-01-13 22:37:46.639] [exthost] [error] Error: selectionRange must be contained in fullRange
	at Function.validate (/usr/lib/code/out/vs/workbench/services/extensions/node/extensionHostProcess.js:371:679)
	at new w (/usr/lib/code/out/vs/workbench/services/extensions/node/extensionHostProcess.js:371:547)
	at new w (/usr/lib/code/out/vs/workbench/services/extensions/node/extensionHostProcess.js:359:919)
	at asDocumentSymbol (/home/thomas/.vscode-oss/extensions/ms-vscode.go-0.12.0/node_modules/vscode-languageclient/lib/protocolConverter.js:396:22)
	at Array.map (<anonymous>)
	at Object.asDocumentSymbols (/home/thomas/.vscode-oss/extensions/ms-vscode.go-0.12.0/node_modules/vscode-languageclient/lib/protocolConverter.js:393:23)
	at /home/thomas/.vscode-oss/extensions/ms-vscode.go-0.12.0/node_modules/vscode-languageclient/lib/client.js:1002:62
[2020-01-13 22:37:47.164] [exthost] [error] [ms-vscode.Go] provider FAILED
[2020-01-13 22:37:47.165] [exthost] [error] Error: selectionRange must be contained in fullRange
	at Function.validate (/usr/lib/code/out/vs/workbench/services/extensions/node/extensionHostProcess.js:371:679)
	at new w (/usr/lib/code/out/vs/workbench/services/extensions/node/extensionHostProcess.js:371:547)
	at new w (/usr/lib/code/out/vs/workbench/services/extensions/node/extensionHostProcess.js:359:919)
	at asDocumentSymbol (/home/thomas/.vscode-oss/extensions/ms-vscode.go-0.12.0/node_modules/vscode-languageclient/lib/protocolConverter.js:396:22)
	at Array.map (<anonymous>)
	at Object.asDocumentSymbols (/home/thomas/.vscode-oss/extensions/ms-vscode.go-0.12.0/node_modules/vscode-languageclient/lib/protocolConverter.js:393:23)
	at /home/thomas/.vscode-oss/extensions/ms-vscode.go-0.12.0/node_modules/vscode-languageclient/lib/client.js:1002:62
[2020-01-13 22:37:47.627] [exthost] [error] [ms-vscode.Go] provider FAILED
[2020-01-13 22:37:47.627] [exthost] [error] Error: selectionRange must be contained in fullRange
	at Function.validate (/usr/lib/code/out/vs/workbench/services/extensions/node/extensionHostProcess.js:371:679)
	at new w (/usr/lib/code/out/vs/workbench/services/extensions/node/extensionHostProcess.js:371:547)
	at new w (/usr/lib/code/out/vs/workbench/services/extensions/node/extensionHostProcess.js:359:919)
	at asDocumentSymbol (/home/thomas/.vscode-oss/extensions/ms-vscode.go-0.12.0/node_modules/vscode-languageclient/lib/protocolConverter.js:396:22)
	at Array.map (<anonymous>)
	at Object.asDocumentSymbols (/home/thomas/.vscode-oss/extensions/ms-vscode.go-0.12.0/node_modules/vscode-languageclient/lib/protocolConverter.js:393:23)
	at /home/thomas/.vscode-oss/extensions/ms-vscode.go-0.12.0/node_modules/vscode-languageclient/lib/client.js:1002:62
[2020-01-13 22:37:48.688] [exthost] [error] [ms-vscode.Go] provider FAILED
[2020-01-13 22:37:48.688] [exthost] [error] Error: selectionRange must be contained in fullRange
	at Function.validate (/usr/lib/code/out/vs/workbench/services/extensions/node/extensionHostProcess.js:371:679)
	at new w (/usr/lib/code/out/vs/workbench/services/extensions/node/extensionHostProcess.js:371:547)
	at new w (/usr/lib/code/out/vs/workbench/services/extensions/node/extensionHostProcess.js:359:919)
	at asDocumentSymbol (/home/thomas/.vscode-oss/extensions/ms-vscode.go-0.12.0/node_modules/vscode-languageclient/lib/protocolConverter.js:396:22)
	at Array.map (<anonymous>)
	at Object.asDocumentSymbols (/home/thomas/.vscode-oss/extensions/ms-vscode.go-0.12.0/node_modules/vscode-languageclient/lib/protocolConverter.js:393:23)
	at /home/thomas/.vscode-oss/extensions/ms-vscode.go-0.12.0/node_modules/vscode-languageclient/lib/client.js:1002:62
[2020-01-13 22:37:49.096] [exthost] [error] [ms-vscode.Go] provider FAILED
[2020-01-13 22:37:49.097] [exthost] [error] Error: selectionRange must be contained in fullRange
	at Function.validate (/usr/lib/code/out/vs/workbench/services/extensions/node/extensionHostProcess.js:371:679)
	at new w (/usr/lib/code/out/vs/workbench/services/extensions/node/extensionHostProcess.js:371:547)
	at new w (/usr/lib/code/out/vs/workbench/services/extensions/node/extensionHostProcess.js:359:919)
	at asDocumentSymbol (/home/thomas/.vscode-oss/extensions/ms-vscode.go-0.12.0/node_modules/vscode-languageclient/lib/protocolConverter.js:396:22)
	at Array.map (<anonymous>)
	at Object.asDocumentSymbols (/home/thomas/.vscode-oss/extensions/ms-vscode.go-0.12.0/node_modules/vscode-languageclient/lib/protocolConverter.js:393:23)
	at /home/thomas/.vscode-oss/extensions/ms-vscode.go-0.12.0/node_modules/vscode-languageclient/lib/client.js:1002:62
[2020-01-13 22:37:49.498] [exthost] [error] [ms-vscode.Go] provider FAILED
[2020-01-13 22:37:49.499] [exthost] [error] Error: selectionRange must be contained in fullRange
	at Function.validate (/usr/lib/code/out/vs/workbench/services/extensions/node/extensionHostProcess.js:371:679)
	at new w (/usr/lib/code/out/vs/workbench/services/extensions/node/extensionHostProcess.js:371:547)
	at new w (/usr/lib/code/out/vs/workbench/services/extensions/node/extensionHostProcess.js:359:919)
	at asDocumentSymbol (/home/thomas/.vscode-oss/extensions/ms-vscode.go-0.12.0/node_modules/vscode-languageclient/lib/protocolConverter.js:396:22)
	at Array.map (<anonymous>)
	at Object.asDocumentSymbols (/home/thomas/.vscode-oss/extensions/ms-vscode.go-0.12.0/node_modules/vscode-languageclient/lib/protocolConverter.js:393:23)
	at /home/thomas/.vscode-oss/extensions/ms-vscode.go-0.12.0/node_modules/vscode-languageclient/lib/client.js:1002:62
[2020-01-13 22:37:56.145] [exthost] [error] [ms-vscode.Go] provider FAILED
[2020-01-13 22:37:56.145] [exthost] [error] Error: selectionRange must be contained in fullRange
	at Function.validate (/usr/lib/code/out/vs/workbench/services/extensions/node/extensionHostProcess.js:371:679)
	at new w (/usr/lib/code/out/vs/workbench/services/extensions/node/extensionHostProcess.js:371:547)
	at new w (/usr/lib/code/out/vs/workbench/services/extensions/node/extensionHostProcess.js:359:919)
	at asDocumentSymbol (/home/thomas/.vscode-oss/extensions/ms-vscode.go-0.12.0/node_modules/vscode-languageclient/lib/protocolConverter.js:396:22)
	at Array.map (<anonymous>)
	at Object.asDocumentSymbols (/home/thomas/.vscode-oss/extensions/ms-vscode.go-0.12.0/node_modules/vscode-languageclient/lib/protocolConverter.js:393:23)
	at /home/thomas/.vscode-oss/extensions/ms-vscode.go-0.12.0/node_modules/vscode-languageclient/lib/client.js:1002:62
[2020-01-13 22:37:57.416] [exthost] [error] [ms-vscode.Go] provider FAILED
[2020-01-13 22:37:57.416] [exthost] [error] Error: selectionRange must be contained in fullRange
	at Function.validate (/usr/lib/code/out/vs/workbench/services/extensions/node/extensionHostProcess.js:371:679)
	at new w (/usr/lib/code/out/vs/workbench/services/extensions/node/extensionHostProcess.js:371:547)
	at new w (/usr/lib/code/out/vs/workbench/services/extensions/node/extensionHostProcess.js:359:919)
	at asDocumentSymbol (/home/thomas/.vscode-oss/extensions/ms-vscode.go-0.12.0/node_modules/vscode-languageclient/lib/protocolConverter.js:396:22)
	at Array.map (<anonymous>)
	at Object.asDocumentSymbols (/home/thomas/.vscode-oss/extensions/ms-vscode.go-0.12.0/node_modules/vscode-languageclient/lib/protocolConverter.js:393:23)
	at /home/thomas/.vscode-oss/extensions/ms-vscode.go-0.12.0/node_modules/vscode-languageclient/lib/client.js:1002:62
