Looking for git in: git
Using git 2.24.1 from git
> git rev-parse --show-toplevel
> git rev-parse --git-dir
Open repository: /home/thomas/dev/ck401-bot
> git status -z -u
> git symbolic-ref --short HEAD
> git rev-parse master
> git rev-parse --symbolic-full-name master@{u}
> git rev-list --left-right master...refs/remotes/origin/master
> git for-each-ref --format %(refname) %(objectname) --sort -committerdate
> git remote --verbose
> git config --get commit.template
> git show :commands.go
> git check-ignore -v -z --stdin
> git config --global user.email
> git config --global user.name
> git status -z -u
> git symbolic-ref --short HEAD
> git rev-parse master
> git rev-parse --symbolic-full-name master@{u}
> git rev-list --left-right master...refs/remotes/origin/master
> git for-each-ref --format %(refname) %(objectname) --sort -committerdate
> git remote --verbose
> git config --get commit.template
> git show -s --format=%an <%ae> [%ai] 1058472adbc0dd31f9148956becafe3e5c78ce27
> git show -s --format=%H
%ae
%P
%B 1058472adbc0dd31f9148956becafe3e5c78ce27
> git show -s --format=%an <%ae> [%ai] 236251ca544ab797a84fd6fe99f525b4094f4d7a
