[2020-01-13 09:06:50.820] [exthost] [info] extension host started
[2020-01-13 09:06:50.909] [exthost] [info] ExtensionService#_doActivateExtension 766b.go-outliner {"startup":false,"extensionId":{"value":"766b.go-outliner","_lower":"766b.go-outliner"},"activationEvent":"onLanguage:go"}
[2020-01-13 09:06:50.909] [exthost] [info] ExtensionService#loadCommonJSModule file:///home/thomas/.vscode-oss/extensions/766b.go-outliner-0.1.20/out/extension
[2020-01-13 09:06:50.916] [exthost] [info] ExtensionService#_doActivateExtension ms-vscode.Go {"startup":false,"extensionId":{"value":"ms-vscode.Go","_lower":"ms-vscode.go"},"activationEvent":"onLanguage:go"}
[2020-01-13 09:06:50.916] [exthost] [info] ExtensionService#loadCommonJSModule file:///home/thomas/.vscode-oss/extensions/ms-vscode.go-0.12.0/out/src/goMain
[2020-01-13 09:06:51.310] [exthost] [info] ExtensionService#_doActivateExtension vscode.debug-auto-launch {"startup":true,"extensionId":{"value":"vscode.debug-auto-launch","_lower":"vscode.debug-auto-launch"},"activationEvent":"*"}
[2020-01-13 09:06:51.310] [exthost] [info] ExtensionService#loadCommonJSModule file:///usr/lib/code/extensions/debug-auto-launch/dist/extension
[2020-01-13 09:06:51.312] [exthost] [info] ExtensionService#_doActivateExtension vscode.emmet {"startup":true,"extensionId":{"value":"vscode.emmet","_lower":"vscode.emmet"},"activationEvent":"*"}
[2020-01-13 09:06:51.312] [exthost] [info] ExtensionService#loadCommonJSModule file:///usr/lib/code/extensions/emmet/dist/extension
[2020-01-13 09:06:51.322] [exthost] [info] ExtensionService#_doActivateExtension vscode.git {"startup":true,"extensionId":{"value":"vscode.git","_lower":"vscode.git"},"activationEvent":"*"}
[2020-01-13 09:06:51.322] [exthost] [info] ExtensionService#loadCommonJSModule file:///usr/lib/code/extensions/git/dist/main
[2020-01-13 09:06:51.336] [exthost] [info] ExtensionService#_doActivateExtension vscode.merge-conflict {"startup":true,"extensionId":{"value":"vscode.merge-conflict","_lower":"vscode.merge-conflict"},"activationEvent":"*"}
[2020-01-13 09:06:51.336] [exthost] [info] ExtensionService#loadCommonJSModule file:///usr/lib/code/extensions/merge-conflict/dist/extension
[2020-01-13 09:06:51.339] [exthost] [info] ExtensionService#_doActivateExtension vscode.search-result {"startup":true,"extensionId":{"value":"vscode.search-result","_lower":"vscode.search-result"},"activationEvent":"*"}
[2020-01-13 09:06:51.339] [exthost] [info] ExtensionService#loadCommonJSModule file:///usr/lib/code/extensions/search-result/dist/extension.js
[2020-01-13 09:06:51.340] [exthost] [info] ExtensionService#_doActivateExtension ms-vsliveshare.vsliveshare {"startup":true,"extensionId":{"value":"ms-vsliveshare.vsliveshare","_lower":"ms-vsliveshare.vsliveshare"},"activationEvent":"*"}
[2020-01-13 09:06:51.340] [exthost] [info] ExtensionService#loadCommonJSModule file:///home/thomas/.vscode-oss/extensions/ms-vsliveshare.vsliveshare-1.0.1456/out/prod/extension-prod
[2020-01-13 09:06:51.631] [exthost] [info] ExtensionService#_doActivateExtension vscode-icons-team.vscode-icons {"startup":true,"extensionId":{"value":"vscode-icons-team.vscode-icons","_lower":"vscode-icons-team.vscode-icons"},"activationEvent":"*"}
[2020-01-13 09:06:51.631] [exthost] [info] ExtensionService#loadCommonJSModule file:///home/thomas/.vscode-oss/extensions/vscode-icons-team.vscode-icons-9.7.0/dist/src/vscode-icons.bundle.js
[2020-01-13 09:06:52.126] [exthost] [info] eager extensions activated
[2020-01-13 09:07:17.021] [exthost] [error] [ms-vscode.Go] provider FAILED
[2020-01-13 09:07:17.023] [exthost] [error] Error: selectionRange must be contained in fullRange
	at Function.validate (/usr/lib/code/out/vs/workbench/services/extensions/node/extensionHostProcess.js:371:679)
	at new w (/usr/lib/code/out/vs/workbench/services/extensions/node/extensionHostProcess.js:371:547)
	at new w (/usr/lib/code/out/vs/workbench/services/extensions/node/extensionHostProcess.js:359:919)
	at asDocumentSymbol (/home/thomas/.vscode-oss/extensions/ms-vscode.go-0.12.0/node_modules/vscode-languageclient/lib/protocolConverter.js:396:22)
	at Array.map (<anonymous>)
	at Object.asDocumentSymbols (/home/thomas/.vscode-oss/extensions/ms-vscode.go-0.12.0/node_modules/vscode-languageclient/lib/protocolConverter.js:393:23)
	at /home/thomas/.vscode-oss/extensions/ms-vscode.go-0.12.0/node_modules/vscode-languageclient/lib/client.js:1002:62
