[2020-01-14 16:49:11.524] [exthost] [info] extension host started
[2020-01-14 16:49:11.562] [exthost] [info] ExtensionService#_doActivateExtension 766b.go-outliner {"startup":false,"extensionId":{"value":"766b.go-outliner","_lower":"766b.go-outliner"},"activationEvent":"onLanguage:go"}
[2020-01-14 16:49:11.562] [exthost] [info] ExtensionService#loadCommonJSModule file:///home/thomas/.vscode-oss/extensions/766b.go-outliner-0.1.20/out/extension
[2020-01-14 16:49:11.577] [exthost] [info] ExtensionService#_doActivateExtension ms-vscode.Go {"startup":false,"extensionId":{"value":"ms-vscode.Go","_lower":"ms-vscode.go"},"activationEvent":"onLanguage:go"}
[2020-01-14 16:49:11.578] [exthost] [info] ExtensionService#loadCommonJSModule file:///home/thomas/.vscode-oss/extensions/ms-vscode.go-0.12.0/out/src/goMain
[2020-01-14 16:49:11.956] [exthost] [info] ExtensionService#_doActivateExtension vscode.debug-auto-launch {"startup":true,"extensionId":{"value":"vscode.debug-auto-launch","_lower":"vscode.debug-auto-launch"},"activationEvent":"*"}
[2020-01-14 16:49:11.956] [exthost] [info] ExtensionService#loadCommonJSModule file:///usr/lib/code/extensions/debug-auto-launch/dist/extension
[2020-01-14 16:49:11.957] [exthost] [info] ExtensionService#_doActivateExtension vscode.emmet {"startup":true,"extensionId":{"value":"vscode.emmet","_lower":"vscode.emmet"},"activationEvent":"*"}
[2020-01-14 16:49:11.957] [exthost] [info] ExtensionService#loadCommonJSModule file:///usr/lib/code/extensions/emmet/dist/extension
[2020-01-14 16:49:11.968] [exthost] [info] ExtensionService#_doActivateExtension vscode.git {"startup":true,"extensionId":{"value":"vscode.git","_lower":"vscode.git"},"activationEvent":"*"}
[2020-01-14 16:49:11.969] [exthost] [info] ExtensionService#loadCommonJSModule file:///usr/lib/code/extensions/git/dist/main
[2020-01-14 16:49:11.984] [exthost] [info] ExtensionService#_doActivateExtension vscode.merge-conflict {"startup":true,"extensionId":{"value":"vscode.merge-conflict","_lower":"vscode.merge-conflict"},"activationEvent":"*"}
[2020-01-14 16:49:11.984] [exthost] [info] ExtensionService#loadCommonJSModule file:///usr/lib/code/extensions/merge-conflict/dist/extension
[2020-01-14 16:49:11.986] [exthost] [info] ExtensionService#_doActivateExtension vscode.search-result {"startup":true,"extensionId":{"value":"vscode.search-result","_lower":"vscode.search-result"},"activationEvent":"*"}
[2020-01-14 16:49:11.986] [exthost] [info] ExtensionService#loadCommonJSModule file:///usr/lib/code/extensions/search-result/dist/extension.js
[2020-01-14 16:49:11.987] [exthost] [info] ExtensionService#_doActivateExtension ms-vsliveshare.vsliveshare {"startup":true,"extensionId":{"value":"ms-vsliveshare.vsliveshare","_lower":"ms-vsliveshare.vsliveshare"},"activationEvent":"*"}
[2020-01-14 16:49:11.987] [exthost] [info] ExtensionService#loadCommonJSModule file:///home/thomas/.vscode-oss/extensions/ms-vsliveshare.vsliveshare-1.0.1456/out/prod/extension-prod
[2020-01-14 16:49:12.316] [exthost] [info] ExtensionService#_doActivateExtension vscode-icons-team.vscode-icons {"startup":true,"extensionId":{"value":"vscode-icons-team.vscode-icons","_lower":"vscode-icons-team.vscode-icons"},"activationEvent":"*"}
[2020-01-14 16:49:12.316] [exthost] [info] ExtensionService#loadCommonJSModule file:///home/thomas/.vscode-oss/extensions/vscode-icons-team.vscode-icons-9.7.0/dist/src/vscode-icons.bundle.js
[2020-01-14 16:49:12.858] [exthost] [info] eager extensions activated
