[Error - 4:27:00 PM] Request textDocument/codeAction failed.
Error: Connection got disposed.
	at Object.dispose (/home/thomas/.vscode-oss/extensions/ms-vscode.go-0.12.0/node_modules/vscode-jsonrpc/lib/main.js:876:25)
	at Object.dispose (/home/thomas/.vscode-oss/extensions/ms-vscode.go-0.12.0/node_modules/vscode-languageclient/lib/client.js:71:35)
	at /home/thomas/.vscode-oss/extensions/ms-vscode.go-0.12.0/node_modules/vscode-languageclient/lib/client.js:2065:28
[Error - 4:27:00 PM] Request textDocument/codeAction failed.
Error: Connection got disposed.
	at Object.dispose (/home/thomas/.vscode-oss/extensions/ms-vscode.go-0.12.0/node_modules/vscode-jsonrpc/lib/main.js:876:25)
	at Object.dispose (/home/thomas/.vscode-oss/extensions/ms-vscode.go-0.12.0/node_modules/vscode-languageclient/lib/client.js:71:35)
	at /home/thomas/.vscode-oss/extensions/ms-vscode.go-0.12.0/node_modules/vscode-languageclient/lib/client.js:2065:28
[Error - 4:27:00 PM] Request textDocument/codeAction failed.
Error: Connection got disposed.
	at Object.dispose (/home/thomas/.vscode-oss/extensions/ms-vscode.go-0.12.0/node_modules/vscode-jsonrpc/lib/main.js:876:25)
	at Object.dispose (/home/thomas/.vscode-oss/extensions/ms-vscode.go-0.12.0/node_modules/vscode-languageclient/lib/client.js:71:35)
	at /home/thomas/.vscode-oss/extensions/ms-vscode.go-0.12.0/node_modules/vscode-languageclient/lib/client.js:2065:28
[Error - 4:27:00 PM] Request textDocument/codeAction failed.
Error: Connection got disposed.
	at Object.dispose (/home/thomas/.vscode-oss/extensions/ms-vscode.go-0.12.0/node_modules/vscode-jsonrpc/lib/main.js:876:25)
	at Object.dispose (/home/thomas/.vscode-oss/extensions/ms-vscode.go-0.12.0/node_modules/vscode-languageclient/lib/client.js:71:35)
	at /home/thomas/.vscode-oss/extensions/ms-vscode.go-0.12.0/node_modules/vscode-languageclient/lib/client.js:2065:28
[Error - 4:27:00 PM] Request textDocument/codeAction failed.
Error: Connection got disposed.
	at Object.dispose (/home/thomas/.vscode-oss/extensions/ms-vscode.go-0.12.0/node_modules/vscode-jsonrpc/lib/main.js:876:25)
	at Object.dispose (/home/thomas/.vscode-oss/extensions/ms-vscode.go-0.12.0/node_modules/vscode-languageclient/lib/client.js:71:35)
	at /home/thomas/.vscode-oss/extensions/ms-vscode.go-0.12.0/node_modules/vscode-languageclient/lib/client.js:2065:28
[Error - 4:27:00 PM] Request textDocument/codeAction failed.
Error: Connection got disposed.
	at Object.dispose (/home/thomas/.vscode-oss/extensions/ms-vscode.go-0.12.0/node_modules/vscode-jsonrpc/lib/main.js:876:25)
	at Object.dispose (/home/thomas/.vscode-oss/extensions/ms-vscode.go-0.12.0/node_modules/vscode-languageclient/lib/client.js:71:35)
	at /home/thomas/.vscode-oss/extensions/ms-vscode.go-0.12.0/node_modules/vscode-languageclient/lib/client.js:2065:28
[Error - 4:27:00 PM] Request textDocument/codeAction failed.
Error: Connection got disposed.
	at Object.dispose (/home/thomas/.vscode-oss/extensions/ms-vscode.go-0.12.0/node_modules/vscode-jsonrpc/lib/main.js:876:25)
	at Object.dispose (/home/thomas/.vscode-oss/extensions/ms-vscode.go-0.12.0/node_modules/vscode-languageclient/lib/client.js:71:35)
	at /home/thomas/.vscode-oss/extensions/ms-vscode.go-0.12.0/node_modules/vscode-languageclient/lib/client.js:2065:28
[Error - 4:27:00 PM] Request textDocument/codeAction failed.
Error: Connection got disposed.
	at Object.dispose (/home/thomas/.vscode-oss/extensions/ms-vscode.go-0.12.0/node_modules/vscode-jsonrpc/lib/main.js:876:25)
	at Object.dispose (/home/thomas/.vscode-oss/extensions/ms-vscode.go-0.12.0/node_modules/vscode-languageclient/lib/client.js:71:35)
	at /home/thomas/.vscode-oss/extensions/ms-vscode.go-0.12.0/node_modules/vscode-languageclient/lib/client.js:2065:28
[Error - 4:27:00 PM] Request textDocument/codeAction failed.
Error: Connection got disposed.
	at Object.dispose (/home/thomas/.vscode-oss/extensions/ms-vscode.go-0.12.0/node_modules/vscode-jsonrpc/lib/main.js:876:25)
	at Object.dispose (/home/thomas/.vscode-oss/extensions/ms-vscode.go-0.12.0/node_modules/vscode-languageclient/lib/client.js:71:35)
	at /home/thomas/.vscode-oss/extensions/ms-vscode.go-0.12.0/node_modules/vscode-languageclient/lib/client.js:2065:28
[Error - 4:27:00 PM] Request textDocument/codeAction failed.
Error: Connection got disposed.
	at Object.dispose (/home/thomas/.vscode-oss/extensions/ms-vscode.go-0.12.0/node_modules/vscode-jsonrpc/lib/main.js:876:25)
	at Object.dispose (/home/thomas/.vscode-oss/extensions/ms-vscode.go-0.12.0/node_modules/vscode-languageclient/lib/client.js:71:35)
	at /home/thomas/.vscode-oss/extensions/ms-vscode.go-0.12.0/node_modules/vscode-languageclient/lib/client.js:2065:28
[Error - 4:27:00 PM] Request textDocument/codeAction failed.
Error: Connection got disposed.
	at Object.dispose (/home/thomas/.vscode-oss/extensions/ms-vscode.go-0.12.0/node_modules/vscode-jsonrpc/lib/main.js:876:25)
	at Object.dispose (/home/thomas/.vscode-oss/extensions/ms-vscode.go-0.12.0/node_modules/vscode-languageclient/lib/client.js:71:35)
	at /home/thomas/.vscode-oss/extensions/ms-vscode.go-0.12.0/node_modules/vscode-languageclient/lib/client.js:2065:28
[Error - 4:27:00 PM] Request textDocument/codeAction failed.
Error: Connection got disposed.
	at Object.dispose (/home/thomas/.vscode-oss/extensions/ms-vscode.go-0.12.0/node_modules/vscode-jsonrpc/lib/main.js:876:25)
	at Object.dispose (/home/thomas/.vscode-oss/extensions/ms-vscode.go-0.12.0/node_modules/vscode-languageclient/lib/client.js:71:35)
	at /home/thomas/.vscode-oss/extensions/ms-vscode.go-0.12.0/node_modules/vscode-languageclient/lib/client.js:2065:28
[Error - 4:27:00 PM] Request textDocument/codeAction failed.
Error: Connection got disposed.
	at Object.dispose (/home/thomas/.vscode-oss/extensions/ms-vscode.go-0.12.0/node_modules/vscode-jsonrpc/lib/main.js:876:25)
	at Object.dispose (/home/thomas/.vscode-oss/extensions/ms-vscode.go-0.12.0/node_modules/vscode-languageclient/lib/client.js:71:35)
	at /home/thomas/.vscode-oss/extensions/ms-vscode.go-0.12.0/node_modules/vscode-languageclient/lib/client.js:2065:28
[Error - 4:27:00 PM] Request textDocument/codeAction failed.
Error: Connection got disposed.
	at Object.dispose (/home/thomas/.vscode-oss/extensions/ms-vscode.go-0.12.0/node_modules/vscode-jsonrpc/lib/main.js:876:25)
	at Object.dispose (/home/thomas/.vscode-oss/extensions/ms-vscode.go-0.12.0/node_modules/vscode-languageclient/lib/client.js:71:35)
	at /home/thomas/.vscode-oss/extensions/ms-vscode.go-0.12.0/node_modules/vscode-languageclient/lib/client.js:2065:28
[Error - 4:27:00 PM] Request textDocument/codeAction failed.
Error: Connection got disposed.
	at Object.dispose (/home/thomas/.vscode-oss/extensions/ms-vscode.go-0.12.0/node_modules/vscode-jsonrpc/lib/main.js:876:25)
	at Object.dispose (/home/thomas/.vscode-oss/extensions/ms-vscode.go-0.12.0/node_modules/vscode-languageclient/lib/client.js:71:35)
	at /home/thomas/.vscode-oss/extensions/ms-vscode.go-0.12.0/node_modules/vscode-languageclient/lib/client.js:2065:28
[Error - 4:27:00 PM] Request textDocument/documentSymbol failed.
Error: Connection got disposed.
	at Object.dispose (/home/thomas/.vscode-oss/extensions/ms-vscode.go-0.12.0/node_modules/vscode-jsonrpc/lib/main.js:876:25)
	at Object.dispose (/home/thomas/.vscode-oss/extensions/ms-vscode.go-0.12.0/node_modules/vscode-languageclient/lib/client.js:71:35)
	at /home/thomas/.vscode-oss/extensions/ms-vscode.go-0.12.0/node_modules/vscode-languageclient/lib/client.js:2065:28
[Error - 4:27:00 PM] Request textDocument/codeAction failed.
Error: Connection got disposed.
	at Object.dispose (/home/thomas/.vscode-oss/extensions/ms-vscode.go-0.12.0/node_modules/vscode-jsonrpc/lib/main.js:876:25)
	at Object.dispose (/home/thomas/.vscode-oss/extensions/ms-vscode.go-0.12.0/node_modules/vscode-languageclient/lib/client.js:71:35)
	at /home/thomas/.vscode-oss/extensions/ms-vscode.go-0.12.0/node_modules/vscode-languageclient/lib/client.js:2065:28
[Error - 4:27:00 PM] Request textDocument/hover failed.
Error: Connection got disposed.
	at Object.dispose (/home/thomas/.vscode-oss/extensions/ms-vscode.go-0.12.0/node_modules/vscode-jsonrpc/lib/main.js:876:25)
	at Object.dispose (/home/thomas/.vscode-oss/extensions/ms-vscode.go-0.12.0/node_modules/vscode-languageclient/lib/client.js:71:35)
	at /home/thomas/.vscode-oss/extensions/ms-vscode.go-0.12.0/node_modules/vscode-languageclient/lib/client.js:2065:28
[Error - 4:27:00 PM] Request textDocument/codeAction failed.
Error: Connection got disposed.
	at Object.dispose (/home/thomas/.vscode-oss/extensions/ms-vscode.go-0.12.0/node_modules/vscode-jsonrpc/lib/main.js:876:25)
	at Object.dispose (/home/thomas/.vscode-oss/extensions/ms-vscode.go-0.12.0/node_modules/vscode-languageclient/lib/client.js:71:35)
	at /home/thomas/.vscode-oss/extensions/ms-vscode.go-0.12.0/node_modules/vscode-languageclient/lib/client.js:2065:28
[Error - 4:27:00 PM] Request textDocument/codeAction failed.
Error: Connection got disposed.
	at Object.dispose (/home/thomas/.vscode-oss/extensions/ms-vscode.go-0.12.0/node_modules/vscode-jsonrpc/lib/main.js:876:25)
	at Object.dispose (/home/thomas/.vscode-oss/extensions/ms-vscode.go-0.12.0/node_modules/vscode-languageclient/lib/client.js:71:35)
	at /home/thomas/.vscode-oss/extensions/ms-vscode.go-0.12.0/node_modules/vscode-languageclient/lib/client.js:2065:28
[Error - 4:27:00 PM] Request textDocument/documentSymbol failed.
Error: Connection got disposed.
	at Object.dispose (/home/thomas/.vscode-oss/extensions/ms-vscode.go-0.12.0/node_modules/vscode-jsonrpc/lib/main.js:876:25)
	at Object.dispose (/home/thomas/.vscode-oss/extensions/ms-vscode.go-0.12.0/node_modules/vscode-languageclient/lib/client.js:71:35)
	at /home/thomas/.vscode-oss/extensions/ms-vscode.go-0.12.0/node_modules/vscode-languageclient/lib/client.js:2065:28
[Error - 4:27:00 PM] Request textDocument/completion failed.
Error: Connection got disposed.
	at Object.dispose (/home/thomas/.vscode-oss/extensions/ms-vscode.go-0.12.0/node_modules/vscode-jsonrpc/lib/main.js:876:25)
	at Object.dispose (/home/thomas/.vscode-oss/extensions/ms-vscode.go-0.12.0/node_modules/vscode-languageclient/lib/client.js:71:35)
	at /home/thomas/.vscode-oss/extensions/ms-vscode.go-0.12.0/node_modules/vscode-languageclient/lib/client.js:2065:28
[Error - 4:27:00 PM] Request textDocument/codeAction failed.
Error: Connection got disposed.
	at Object.dispose (/home/thomas/.vscode-oss/extensions/ms-vscode.go-0.12.0/node_modules/vscode-jsonrpc/lib/main.js:876:25)
	at Object.dispose (/home/thomas/.vscode-oss/extensions/ms-vscode.go-0.12.0/node_modules/vscode-languageclient/lib/client.js:71:35)
	at /home/thomas/.vscode-oss/extensions/ms-vscode.go-0.12.0/node_modules/vscode-languageclient/lib/client.js:2065:28
[Error - 4:27:00 PM] Request textDocument/hover failed.
Error: Connection got disposed.
	at Object.dispose (/home/thomas/.vscode-oss/extensions/ms-vscode.go-0.12.0/node_modules/vscode-jsonrpc/lib/main.js:876:25)
	at Object.dispose (/home/thomas/.vscode-oss/extensions/ms-vscode.go-0.12.0/node_modules/vscode-languageclient/lib/client.js:71:35)
	at /home/thomas/.vscode-oss/extensions/ms-vscode.go-0.12.0/node_modules/vscode-languageclient/lib/client.js:2065:28
